0 info it worked if it ends with ok
1 verbose cli [ '/usr/local/bin/node',
1 verbose cli   '/usr/local/bin/npm',
1 verbose cli   'install',
1 verbose cli   '-g',
1 verbose cli   'ios-deploy' ]
2 info using npm@3.10.10
3 info using node@v6.9.4
4 silly loadCurrentTree Starting
5 silly install loadCurrentTree
6 silly install readGlobalPackageData
7 silly fetchPackageMetaData ios-deploy
8 silly fetchNamedPackageData ios-deploy
9 silly mapToRegistry name ios-deploy
10 silly mapToRegistry using default registry
11 silly mapToRegistry registry https://registry.npmjs.org/
12 silly mapToRegistry data Result {
12 silly mapToRegistry   raw: 'ios-deploy',
12 silly mapToRegistry   scope: null,
12 silly mapToRegistry   escapedName: 'ios-deploy',
12 silly mapToRegistry   name: 'ios-deploy',
12 silly mapToRegistry   rawSpec: '',
12 silly mapToRegistry   spec: 'latest',
12 silly mapToRegistry   type: 'tag' }
13 silly mapToRegistry uri https://registry.npmjs.org/ios-deploy
14 verbose request uri https://registry.npmjs.org/ios-deploy
15 verbose request no auth needed
16 info attempt registry request try #1 at 11:34:57 AM
17 verbose request id fa229f3b812a79d8
18 http request GET https://registry.npmjs.org/ios-deploy
19 http 200 https://registry.npmjs.org/ios-deploy
20 verbose headers { server: 'nginx/1.10.1',
20 verbose headers   'content-type': 'application/json',
20 verbose headers   'last-modified': 'Sat, 04 Feb 2017 22:21:26 GMT',
20 verbose headers   etag: 'W/"589653e6-a556"',
20 verbose headers   'content-encoding': 'gzip',
20 verbose headers   'cache-control': 'max-age=300',
20 verbose headers   'content-length': '6437',
20 verbose headers   'accept-ranges': 'bytes',
20 verbose headers   date: 'Mon, 27 Mar 2017 15:34:58 GMT',
20 verbose headers   via: '1.1 varnish',
20 verbose headers   age: '0',
20 verbose headers   connection: 'keep-alive',
20 verbose headers   'x-served-by': 'cache-atl6221-ATL',
20 verbose headers   'x-cache': 'HIT',
20 verbose headers   'x-cache-hits': '1',
20 verbose headers   'x-timer': 'S1490628898.267609,VS0,VE20',
20 verbose headers   vary: 'Accept-Encoding' }
21 silly get cb [ 200,
21 silly get   { server: 'nginx/1.10.1',
21 silly get     'content-type': 'application/json',
21 silly get     'last-modified': 'Sat, 04 Feb 2017 22:21:26 GMT',
21 silly get     etag: 'W/"589653e6-a556"',
21 silly get     'content-encoding': 'gzip',
21 silly get     'cache-control': 'max-age=300',
21 silly get     'content-length': '6437',
21 silly get     'accept-ranges': 'bytes',
21 silly get     date: 'Mon, 27 Mar 2017 15:34:58 GMT',
21 silly get     via: '1.1 varnish',
21 silly get     age: '0',
21 silly get     connection: 'keep-alive',
21 silly get     'x-served-by': 'cache-atl6221-ATL',
21 silly get     'x-cache': 'HIT',
21 silly get     'x-cache-hits': '1',
21 silly get     'x-timer': 'S1490628898.267609,VS0,VE20',
21 silly get     vary: 'Accept-Encoding' } ]
22 verbose get saving ios-deploy to /Users/lilylau/.npm/registry.npmjs.org/ios-deploy/.cache.json
23 verbose correctMkdir /Users/lilylau/.npm correctMkdir not in flight; initializing
24 silly install normalizeTree
25 silly loadCurrentTree Finishing
26 silly loadIdealTree Starting
27 silly install loadIdealTree
28 silly cloneCurrentTree Starting
29 silly install cloneCurrentTreeToIdealTree
30 silly cloneCurrentTree Finishing
31 silly loadShrinkwrap Starting
32 silly install loadShrinkwrap
33 silly loadShrinkwrap Finishing
34 silly loadAllDepsIntoIdealTree Starting
35 silly install loadAllDepsIntoIdealTree
36 silly resolveWithNewModule ios-deploy@1.9.1 checking installable status
37 silly cache add args [ 'ios-deploy', null ]
38 verbose cache add spec ios-deploy
39 silly cache add parsed spec Result {
39 silly cache add   raw: 'ios-deploy',
39 silly cache add   scope: null,
39 silly cache add   escapedName: 'ios-deploy',
39 silly cache add   name: 'ios-deploy',
39 silly cache add   rawSpec: '',
39 silly cache add   spec: 'latest',
39 silly cache add   type: 'tag' }
40 silly addNamed ios-deploy@latest
41 verbose addNamed "latest" is being treated as a dist-tag for ios-deploy
42 info addNameTag [ 'ios-deploy', 'latest' ]
43 silly mapToRegistry name ios-deploy
44 silly mapToRegistry using default registry
45 silly mapToRegistry registry https://registry.npmjs.org/
46 silly mapToRegistry data Result {
46 silly mapToRegistry   raw: 'ios-deploy',
46 silly mapToRegistry   scope: null,
46 silly mapToRegistry   escapedName: 'ios-deploy',
46 silly mapToRegistry   name: 'ios-deploy',
46 silly mapToRegistry   rawSpec: '',
46 silly mapToRegistry   spec: 'latest',
46 silly mapToRegistry   type: 'tag' }
47 silly mapToRegistry uri https://registry.npmjs.org/ios-deploy
48 verbose addNameTag registry:https://registry.npmjs.org/ios-deploy not in flight; fetching
49 verbose get https://registry.npmjs.org/ios-deploy not expired, no request
50 silly addNameTag next cb for ios-deploy with tag latest
51 silly addNamed ios-deploy@1.9.1
52 verbose addNamed "1.9.1" is a plain semver version for ios-deploy
53 silly mapToRegistry name ios-deploy
54 silly mapToRegistry using default registry
55 silly mapToRegistry registry https://registry.npmjs.org/
56 silly mapToRegistry data Result {
56 silly mapToRegistry   raw: 'ios-deploy',
56 silly mapToRegistry   scope: null,
56 silly mapToRegistry   escapedName: 'ios-deploy',
56 silly mapToRegistry   name: 'ios-deploy',
56 silly mapToRegistry   rawSpec: '',
56 silly mapToRegistry   spec: 'latest',
56 silly mapToRegistry   type: 'tag' }
57 silly mapToRegistry uri https://registry.npmjs.org/ios-deploy
58 verbose addRemoteTarball https://registry.npmjs.org/ios-deploy/-/ios-deploy-1.9.1.tgz not in flight; adding
59 verbose addRemoteTarball [ 'https://registry.npmjs.org/ios-deploy/-/ios-deploy-1.9.1.tgz',
59 verbose addRemoteTarball   'e7dec9508bb464a1f2d546bb07fada41d2708e66' ]
60 info retry fetch attempt 1 at 11:34:58 AM
61 info attempt registry request try #1 at 11:34:58 AM
62 http fetch GET https://registry.npmjs.org/ios-deploy/-/ios-deploy-1.9.1.tgz
63 http fetch 200 https://registry.npmjs.org/ios-deploy/-/ios-deploy-1.9.1.tgz
64 silly fetchAndShaCheck shasum e7dec9508bb464a1f2d546bb07fada41d2708e66
65 verbose addTmpTarball /var/folders/q5/1xll471d64n0xyg2wfjx6vd80000gn/T/npm-9943-97b98ab8/registry.npmjs.org/ios-deploy/-/ios-deploy-1.9.1.tgz not in flight; adding
66 verbose addTmpTarball already have metadata; skipping unpack for ios-deploy@1.9.1
67 verbose correctMkdir /Users/lilylau/.npm correctMkdir not in flight; initializing
68 silly cache afterAdd ios-deploy@1.9.1
69 verbose afterAdd /Users/lilylau/.npm/ios-deploy/1.9.1/package/package.json not in flight; writing
70 verbose correctMkdir /Users/lilylau/.npm correctMkdir not in flight; initializing
71 verbose afterAdd /Users/lilylau/.npm/ios-deploy/1.9.1/package/package.json written
72 silly loadAllDepsIntoIdealTree Finishing
73 silly loadIdealTree Finishing
74 silly currentTree lib
75 silly idealTree lib
75 silly idealTree └── ios-deploy@1.9.1
76 silly generateActionsToTake Starting
77 silly install generateActionsToTake
78 warn checkPermissions Missing write access to /usr/local/lib/node_modules
79 silly rollbackFailedOptional Starting
80 silly rollbackFailedOptional Finishing
81 silly runTopLevelLifecycles Finishing
82 silly install printInstalled
83 verbose stack Error: EACCES: permission denied, access '/usr/local/lib/node_modules'
83 verbose stack     at Error (native)
84 verbose cwd /Users/lilylau/Documents/Spring2017/cs3312-lmc3431/Meet-n-FIT-Server
85 error Darwin 15.6.0
86 error argv "/usr/local/bin/node" "/usr/local/bin/npm" "install" "-g" "ios-deploy"
87 error node v6.9.4
88 error npm  v3.10.10
89 error path /usr/local/lib/node_modules
90 error code EACCES
91 error errno -13
92 error syscall access
93 error Error: EACCES: permission denied, access '/usr/local/lib/node_modules'
93 error     at Error (native)
93 error  { Error: EACCES: permission denied, access '/usr/local/lib/node_modules'
93 error     at Error (native)
93 error   errno: -13,
93 error   code: 'EACCES',
93 error   syscall: 'access',
93 error   path: '/usr/local/lib/node_modules' }
94 error Please try running this command again as root/Administrator.
95 verbose exit [ -13, true ]
